\BOOKMARK [0][-]{chapter.1}{Projektplanl\346gning}{}% 1
\BOOKMARK [1][-]{section.1.1}{Beskrivelse}{chapter.1}% 2
\BOOKMARK [2][-]{subsection.1.1.1}{Valg af projekt}{section.1.1}% 3
\BOOKMARK [2][-]{subsection.1.1.2}{Tidsplanl\346gning}{section.1.1}% 4
\BOOKMARK [2][-]{subsection.1.1.3}{Projektledelse}{section.1.1}% 5
\BOOKMARK [2][-]{subsection.1.1.4}{Eksperimenter}{section.1.1}% 6
\BOOKMARK [2][-]{subsection.1.1.5}{Rapportops\346tning}{section.1.1}% 7
\BOOKMARK [1][-]{section.1.2}{Vurdering}{chapter.1}% 8
\BOOKMARK [1][-]{section.1.3}{Refleksion}{chapter.1}% 9
\BOOKMARK [2][-]{subsection.1.3.1}{Valg af Projekt}{section.1.3}% 10
\BOOKMARK [2][-]{subsection.1.3.2}{Tidsplanl\346gning}{section.1.3}% 11
\BOOKMARK [2][-]{subsection.1.3.3}{Projektledelse}{section.1.3}% 12
\BOOKMARK [2][-]{subsection.1.3.4}{Eksperimenter}{section.1.3}% 13
\BOOKMARK [2][-]{subsection.1.3.5}{Rapportops\346tning}{section.1.3}% 14
\BOOKMARK [1][-]{section.1.4}{Syntese}{chapter.1}% 15
\BOOKMARK [0][-]{chapter.2}{Samarbejde i Gruppen}{}% 16
\BOOKMARK [1][-]{section.2.1}{Beskrivelse}{chapter.2}% 17
\BOOKMARK [2][-]{subsection.2.1.1}{Samarbejdsaftale}{section.2.1}% 18
\BOOKMARK [2][-]{subsection.2.1.2}{Gruppem\370der og Gruppearbejde}{section.2.1}% 19
\BOOKMARK [2][-]{subsection.2.1.3}{Grupperoller}{section.2.1}% 20
\BOOKMARK [2][-]{subsection.2.1.4}{Kommunikation}{section.2.1}% 21
\BOOKMARK [1][-]{section.2.2}{Vurdering}{chapter.2}% 22
\BOOKMARK [0][-]{chapter.3}{Samarbejde med Vejleder}{}% 23
\BOOKMARK [1][-]{section.3.1}{Beskrivelse}{chapter.3}% 24
\BOOKMARK [2][-]{subsection.3.1.1}{Samarbejdsaftale}{section.3.1}% 25
\BOOKMARK [2][-]{subsection.3.1.2}{Dagsorden}{section.3.1}% 26
\BOOKMARK [2][-]{subsection.3.1.3}{Mundtlig og skriftligvejledning}{section.3.1}% 27
\BOOKMARK [1][-]{section.3.2}{Vurdering}{chapter.3}% 28
\BOOKMARK [1][-]{section.3.3}{Reflekion}{chapter.3}% 29
\BOOKMARK [2][-]{subsection.3.3.1}{Samarbejdsaftale}{section.3.3}% 30
\BOOKMARK [2][-]{subsection.3.3.2}{Dagsorden}{section.3.3}% 31
\BOOKMARK [2][-]{subsection.3.3.3}{Mundtlig og skriftligvejledning}{section.3.3}% 32
\BOOKMARK [1][-]{section.3.4}{Syntese}{chapter.3}% 33
\BOOKMARK [0][-]{chapter.4}{L\346reprocesser}{}% 34
\BOOKMARK [1][-]{section.4.1}{Beskrivelse}{chapter.4}% 35
\BOOKMARK [2][-]{subsection.4.1.1}{L\346ringsmetode}{section.4.1}% 36
\BOOKMARK [2][-]{subsection.4.1.2}{L\346reproces i forhold til kurser}{section.4.1}% 37
\BOOKMARK [2][-]{subsection.4.1.3}{L\346reproces i forhold til projektarbejde}{section.4.1}% 38
\BOOKMARK [1][-]{section.4.2}{Vurdering}{chapter.4}% 39
\BOOKMARK [1][-]{section.4.3}{Reflektion}{chapter.4}% 40
\BOOKMARK [2][-]{subsection.4.3.1}{L\346ringsmetode}{section.4.3}% 41
\BOOKMARK [2][-]{subsection.4.3.2}{L\346reproces i forhold til kurser}{section.4.3}% 42
\BOOKMARK [2][-]{subsection.4.3.3}{L\346reproces i forhold til projektarbejde}{section.4.3}% 43
\BOOKMARK [1][-]{section.4.4}{Synthese}{chapter.4}% 44
\BOOKMARK [0][-]{chapter.A}{Bilag - Samarbejdsaftale}{}% 45
\BOOKMARK [0][-]{chapter.B}{Bilag - Tips og Tricks}{}% 46
\BOOKMARK [0][-]{chapter.C}{Bilag - Samarbejde med vejleder}{}% 47
\BOOKMARK [0][-]{chapter.D}{Bilag - Dagsorden for Fredagsm\370der}{}% 48
\BOOKMARK [1][-]{section.D.1}{Fredagsm\370de}{chapter.D}% 49
